<?xml version="1.0" encoding="UTF-8"?>
<!-- Generated by org.testng.reporters.JUnitXMLReporter -->
<testsuite hostname="Dhruv" ignored="0" name="Surefire test" tests="15" failures="0" timestamp="2020-10-12T20:22:12 EDT" time="214.69" errors="0">
  <testcase name="verifyContactspageLabel" time="0.071" classname="com.pom.qa.testcases.ContactsPageTest"/>
  <testcase name="selectContactsTest" time="0.23" classname="com.pom.qa.testcases.ContactsPageTest"/>
  <testcase name="selectMultipleContactsTest" time="0.467" classname="com.pom.qa.testcases.ContactsPageTest"/>
  <testcase name="validateCreateNewContact" time="4.628" classname="com.pom.qa.testcases.ContactsPageTest"/>
  <testcase name="validateCreateNewContact" time="3.204" classname="com.pom.qa.testcases.ContactsPageTest"/>
  <testcase name="validateCreateNewContact" time="3.084" classname="com.pom.qa.testcases.ContactsPageTest"/>
  <testcase name="validateCreateNewContact" time="2.962" classname="com.pom.qa.testcases.ContactsPageTest"/>
  <testcase name="validateAddedName" time="0.038" classname="com.pom.qa.testcases.ContactsPageTest"/>
  <testcase name="verifyDealsPageLabel" time="0.049" classname="com.pom.qa.testcases.DealsPageTest"/>
  <testcase name="verifyContactsLink" time="3.095" classname="com.pom.qa.testcases.HomePageTest"/>
  <testcase name="verifyHomepageTitleTest" time="0.009" classname="com.pom.qa.testcases.HomePageTest"/>
  <testcase name="verifyUsernameTest" time="1.689" classname="com.pom.qa.testcases.HomePageTest"/>
  <testcase name="loginPageTitleTest" time="0.003" classname="com.pom.qa.testcases.LoginPageTest"/>
  <testcase name="crmLogoTest" time="0.107" classname="com.pom.qa.testcases.LoginPageTest"/>
  <testcase name="loginTest" time="0.385" classname="com.pom.qa.testcases.LoginPageTest"/>
</testsuite> <!-- Surefire test -->
