<?xml version="1.0" encoding="UTF-8"?>
<!-- Generated by org.testng.reporters.JUnitXMLReporter -->
<testsuite hostname="Dhruv" ignored="0" name="Test" tests="14" failures="0" timestamp="2020-10-11T13:45:02 EDT" time="219.928" errors="0">
  <testcase name="loginPageTitleTest" time="0.14" classname="com.pom.qa.testcases.LoginPageTest"/>
  <testcase name="crmLogoTest" time="0.189" classname="com.pom.qa.testcases.LoginPageTest"/>
  <testcase name="loginTest" time="0.705" classname="com.pom.qa.testcases.LoginPageTest"/>
  <testcase name="verifyContactsLink" time="3.53" classname="com.pom.qa.testcases.HomePageTest"/>
  <testcase name="verifyHomepageTitleTest" time="0.009" classname="com.pom.qa.testcases.HomePageTest"/>
  <testcase name="verifyUsernameTest" time="1.599" classname="com.pom.qa.testcases.HomePageTest"/>
  <testcase name="verifyContactspageLabel" time="0.043" classname="com.pom.qa.testcases.ContactsPageTest"/>
  <testcase name="selectContactsTest" time="0.235" classname="com.pom.qa.testcases.ContactsPageTest"/>
  <testcase name="selectMultipleContactsTest" time="0.454" classname="com.pom.qa.testcases.ContactsPageTest"/>
  <testcase name="validateCreateNewContact" time="3.238" classname="com.pom.qa.testcases.ContactsPageTest"/>
  <testcase name="validateCreateNewContact" time="3.149" classname="com.pom.qa.testcases.ContactsPageTest"/>
  <testcase name="validateCreateNewContact" time="3.247" classname="com.pom.qa.testcases.ContactsPageTest"/>
  <testcase name="validateCreateNewContact" time="2.911" classname="com.pom.qa.testcases.ContactsPageTest"/>
  <testcase name="validateAddedName" time="0.057" classname="com.pom.qa.testcases.ContactsPageTest"/>
</testsuite> <!-- Test -->
