<?xml version="1.0" encoding="UTF-8"?>
<testng-results skipped="0" failed="0" ignored="0" total="15" passed="15">
  <reporter-output>
  </reporter-output>
  <suite name="Surefire suite" duration-ms="214690" started-at="2020-10-12T20:18:38 EDT" finished-at="2020-10-12T20:22:12 EDT">
    <groups>
    </groups>
    <test name="Surefire test" duration-ms="214690" started-at="2020-10-12T20:18:38 EDT" finished-at="2020-10-12T20:22:12 EDT">
      <class name="com.pom.qa.testcases.LoginPageTest">
        <test-method status="PASS" signature="setUp()[pri:0, instance:com.pom.qa.testcases.LoginPageTest@3632be31]" name="setUp" is-config="true" duration-ms="7873" started-at="2020-10-12T20:21:41 EDT" finished-at="2020-10-12T20:21:48 EDT">
          <reporter-output>
          </reporter-output>
        </test-method> <!-- setUp -->
        <test-method status="PASS" signature="loginPageTitleTest()[pri:1, instance:com.pom.qa.testcases.LoginPageTest@3632be31]" name="loginPageTitleTest" duration-ms="3" started-at="2020-10-12T20:21:48 EDT" finished-at="2020-10-12T20:21:48 EDT">
          <reporter-output>
          </reporter-output>
        </test-method> <!-- loginPageTitleTest -->
        <test-method status="PASS" signature="tearDown()[pri:0, instance:com.pom.qa.testcases.LoginPageTest@3632be31]" name="tearDown" is-config="true" duration-ms="2465" started-at="2020-10-12T20:21:48 EDT" finished-at="2020-10-12T20:21:51 EDT">
          <reporter-output>
          </reporter-output>
        </test-method> <!-- tearDown -->
        <test-method status="PASS" signature="setUp()[pri:0, instance:com.pom.qa.testcases.LoginPageTest@3632be31]" name="setUp" is-config="true" duration-ms="7896" started-at="2020-10-12T20:21:51 EDT" finished-at="2020-10-12T20:21:59 EDT">
          <reporter-output>
          </reporter-output>
        </test-method> <!-- setUp -->
        <test-method status="PASS" signature="crmLogoTest()[pri:2, instance:com.pom.qa.testcases.LoginPageTest@3632be31]" name="crmLogoTest" duration-ms="107" started-at="2020-10-12T20:21:59 EDT" finished-at="2020-10-12T20:21:59 EDT">
          <reporter-output>
          </reporter-output>
        </test-method> <!-- crmLogoTest -->
        <test-method status="PASS" signature="tearDown()[pri:0, instance:com.pom.qa.testcases.LoginPageTest@3632be31]" name="tearDown" is-config="true" duration-ms="2115" started-at="2020-10-12T20:21:59 EDT" finished-at="2020-10-12T20:22:01 EDT">
          <reporter-output>
          </reporter-output>
        </test-method> <!-- tearDown -->
        <test-method status="PASS" signature="setUp()[pri:0, instance:com.pom.qa.testcases.LoginPageTest@3632be31]" name="setUp" is-config="true" duration-ms="8368" started-at="2020-10-12T20:22:01 EDT" finished-at="2020-10-12T20:22:09 EDT">
          <reporter-output>
          </reporter-output>
        </test-method> <!-- setUp -->
        <test-method status="PASS" signature="loginTest()[pri:3, instance:com.pom.qa.testcases.LoginPageTest@3632be31]" name="loginTest" duration-ms="385" started-at="2020-10-12T20:22:09 EDT" finished-at="2020-10-12T20:22:10 EDT">
          <reporter-output>
          </reporter-output>
        </test-method> <!-- loginTest -->
        <test-method status="PASS" signature="tearDown()[pri:0, instance:com.pom.qa.testcases.LoginPageTest@3632be31]" name="tearDown" is-config="true" duration-ms="2711" started-at="2020-10-12T20:22:10 EDT" finished-at="2020-10-12T20:22:12 EDT">
          <reporter-output>
          </reporter-output>
        </test-method> <!-- tearDown -->
      </class> <!-- com.pom.qa.testcases.LoginPageTest -->
      <class name="com.pom.qa.testcases.ContactsPageTest">
        <test-method status="PASS" signature="setUp()[pri:0, instance:com.pom.qa.testcases.ContactsPageTest@20398b7c]" name="setUp" is-config="true" duration-ms="15006" started-at="2020-10-12T20:18:38 EDT" finished-at="2020-10-12T20:18:53 EDT">
          <reporter-output>
          </reporter-output>
        </test-method> <!-- setUp -->
        <test-method status="PASS" signature="verifyContactspageLabel()[pri:1, instance:com.pom.qa.testcases.ContactsPageTest@20398b7c]" name="verifyContactspageLabel" duration-ms="71" started-at="2020-10-12T20:18:53 EDT" finished-at="2020-10-12T20:18:53 EDT">
          <reporter-output>
          </reporter-output>
        </test-method> <!-- verifyContactspageLabel -->
        <test-method status="PASS" signature="tearDown()[pri:0, instance:com.pom.qa.testcases.ContactsPageTest@20398b7c]" name="tearDown" is-config="true" duration-ms="1830" started-at="2020-10-12T20:18:53 EDT" finished-at="2020-10-12T20:18:55 EDT">
          <reporter-output>
          </reporter-output>
        </test-method> <!-- tearDown -->
        <test-method status="PASS" signature="setUp()[pri:0, instance:com.pom.qa.testcases.ContactsPageTest@20398b7c]" name="setUp" is-config="true" duration-ms="12343" started-at="2020-10-12T20:18:55 EDT" finished-at="2020-10-12T20:19:07 EDT">
          <reporter-output>
          </reporter-output>
        </test-method> <!-- setUp -->
        <test-method status="PASS" signature="selectContactsTest()[pri:2, instance:com.pom.qa.testcases.ContactsPageTest@20398b7c]" name="selectContactsTest" duration-ms="230" started-at="2020-10-12T20:19:07 EDT" finished-at="2020-10-12T20:19:07 EDT">
          <reporter-output>
          </reporter-output>
        </test-method> <!-- selectContactsTest -->
        <test-method status="PASS" signature="tearDown()[pri:0, instance:com.pom.qa.testcases.ContactsPageTest@20398b7c]" name="tearDown" is-config="true" duration-ms="2842" started-at="2020-10-12T20:19:07 EDT" finished-at="2020-10-12T20:19:10 EDT">
          <reporter-output>
          </reporter-output>
        </test-method> <!-- tearDown -->
        <test-method status="PASS" signature="setUp()[pri:0, instance:com.pom.qa.testcases.ContactsPageTest@20398b7c]" name="setUp" is-config="true" duration-ms="11500" started-at="2020-10-12T20:19:10 EDT" finished-at="2020-10-12T20:19:22 EDT">
          <reporter-output>
          </reporter-output>
        </test-method> <!-- setUp -->
        <test-method status="PASS" signature="selectMultipleContactsTest()[pri:3, instance:com.pom.qa.testcases.ContactsPageTest@20398b7c]" name="selectMultipleContactsTest" duration-ms="467" started-at="2020-10-12T20:19:22 EDT" finished-at="2020-10-12T20:19:22 EDT">
          <reporter-output>
          </reporter-output>
        </test-method> <!-- selectMultipleContactsTest -->
        <test-method status="PASS" signature="tearDown()[pri:0, instance:com.pom.qa.testcases.ContactsPageTest@20398b7c]" name="tearDown" is-config="true" duration-ms="2036" started-at="2020-10-12T20:19:22 EDT" finished-at="2020-10-12T20:19:24 EDT">
          <reporter-output>
          </reporter-output>
        </test-method> <!-- tearDown -->
        <test-method status="PASS" signature="setUp()[pri:0, instance:com.pom.qa.testcases.ContactsPageTest@20398b7c]" name="setUp" is-config="true" duration-ms="12676" started-at="2020-10-12T20:19:25 EDT" finished-at="2020-10-12T20:19:38 EDT">
          <reporter-output>
          </reporter-output>
        </test-method> <!-- setUp -->
        <test-method status="PASS" signature="validateCreateNewContact(java.lang.String, java.lang.String, java.lang.String, java.lang.String)[pri:4, instance:com.pom.qa.testcases.ContactsPageTest@20398b7c]" name="validateCreateNewContact" duration-ms="4628" started-at="2020-10-12T20:19:38 EDT" data-provider="getCRMTestData" finished-at="2020-10-12T20:19:42 EDT">
          <params>
            <param index="0">
              <value>
                <![CDATA[Mr.]]>
              </value>
            </param>
            <param index="1">
              <value>
                <![CDATA[Raj]]>
              </value>
            </param>
            <param index="2">
              <value>
                <![CDATA[Mali]]>
              </value>
            </param>
            <param index="3">
              <value>
                <![CDATA[Microsoft]]>
              </value>
            </param>
          </params>
          <reporter-output>
          </reporter-output>
        </test-method> <!-- validateCreateNewContact -->
        <test-method status="PASS" signature="tearDown()[pri:0, instance:com.pom.qa.testcases.ContactsPageTest@20398b7c]" name="tearDown" is-config="true" duration-ms="2050" started-at="2020-10-12T20:19:42 EDT" finished-at="2020-10-12T20:19:44 EDT">
          <reporter-output>
          </reporter-output>
        </test-method> <!-- tearDown -->
        <test-method status="PASS" signature="setUp()[pri:0, instance:com.pom.qa.testcases.ContactsPageTest@20398b7c]" name="setUp" is-config="true" duration-ms="11629" started-at="2020-10-12T20:19:44 EDT" finished-at="2020-10-12T20:19:56 EDT">
          <reporter-output>
          </reporter-output>
        </test-method> <!-- setUp -->
        <test-method status="PASS" signature="validateCreateNewContact(java.lang.String, java.lang.String, java.lang.String, java.lang.String)[pri:4, instance:com.pom.qa.testcases.ContactsPageTest@20398b7c]" name="validateCreateNewContact" duration-ms="3204" started-at="2020-10-12T20:19:56 EDT" data-provider="getCRMTestData" finished-at="2020-10-12T20:19:59 EDT">
          <params>
            <param index="0">
              <value>
                <![CDATA[Dr.]]>
              </value>
            </param>
            <param index="1">
              <value>
                <![CDATA[Raju]]>
              </value>
            </param>
            <param index="2">
              <value>
                <![CDATA[patel]]>
              </value>
            </param>
            <param index="3">
              <value>
                <![CDATA[amazon]]>
              </value>
            </param>
          </params>
          <reporter-output>
          </reporter-output>
        </test-method> <!-- validateCreateNewContact -->
        <test-method status="PASS" signature="tearDown()[pri:0, instance:com.pom.qa.testcases.ContactsPageTest@20398b7c]" name="tearDown" is-config="true" duration-ms="1706" started-at="2020-10-12T20:19:59 EDT" finished-at="2020-10-12T20:20:01 EDT">
          <reporter-output>
          </reporter-output>
        </test-method> <!-- tearDown -->
        <test-method status="PASS" signature="setUp()[pri:0, instance:com.pom.qa.testcases.ContactsPageTest@20398b7c]" name="setUp" is-config="true" duration-ms="11947" started-at="2020-10-12T20:20:01 EDT" finished-at="2020-10-12T20:20:13 EDT">
          <reporter-output>
          </reporter-output>
        </test-method> <!-- setUp -->
        <test-method status="PASS" signature="validateCreateNewContact(java.lang.String, java.lang.String, java.lang.String, java.lang.String)[pri:4, instance:com.pom.qa.testcases.ContactsPageTest@20398b7c]" name="validateCreateNewContact" duration-ms="3084" started-at="2020-10-12T20:20:13 EDT" data-provider="getCRMTestData" finished-at="2020-10-12T20:20:16 EDT">
          <params>
            <param index="0">
              <value>
                <![CDATA[Mrs.]]>
              </value>
            </param>
            <param index="1">
              <value>
                <![CDATA[yesha]]>
              </value>
            </param>
            <param index="2">
              <value>
                <![CDATA[patel]]>
              </value>
            </param>
            <param index="3">
              <value>
                <![CDATA[Ebay]]>
              </value>
            </param>
          </params>
          <reporter-output>
          </reporter-output>
        </test-method> <!-- validateCreateNewContact -->
        <test-method status="PASS" signature="tearDown()[pri:0, instance:com.pom.qa.testcases.ContactsPageTest@20398b7c]" name="tearDown" is-config="true" duration-ms="2156" started-at="2020-10-12T20:20:16 EDT" finished-at="2020-10-12T20:20:18 EDT">
          <reporter-output>
          </reporter-output>
        </test-method> <!-- tearDown -->
        <test-method status="PASS" signature="setUp()[pri:0, instance:com.pom.qa.testcases.ContactsPageTest@20398b7c]" name="setUp" is-config="true" duration-ms="11441" started-at="2020-10-12T20:20:18 EDT" finished-at="2020-10-12T20:20:29 EDT">
          <reporter-output>
          </reporter-output>
        </test-method> <!-- setUp -->
        <test-method status="PASS" signature="validateCreateNewContact(java.lang.String, java.lang.String, java.lang.String, java.lang.String)[pri:4, instance:com.pom.qa.testcases.ContactsPageTest@20398b7c]" name="validateCreateNewContact" duration-ms="2962" started-at="2020-10-12T20:20:29 EDT" data-provider="getCRMTestData" finished-at="2020-10-12T20:20:32 EDT">
          <params>
            <param index="0">
              <value>
                <![CDATA[Miss]]>
              </value>
            </param>
            <param index="1">
              <value>
                <![CDATA[Dhara ]]>
              </value>
            </param>
            <param index="2">
              <value>
                <![CDATA[Shah]]>
              </value>
            </param>
            <param index="3">
              <value>
                <![CDATA[Bingo]]>
              </value>
            </param>
          </params>
          <reporter-output>
          </reporter-output>
        </test-method> <!-- validateCreateNewContact -->
        <test-method status="PASS" signature="tearDown()[pri:0, instance:com.pom.qa.testcases.ContactsPageTest@20398b7c]" name="tearDown" is-config="true" duration-ms="2837" started-at="2020-10-12T20:20:32 EDT" finished-at="2020-10-12T20:20:35 EDT">
          <reporter-output>
          </reporter-output>
        </test-method> <!-- tearDown -->
        <test-method status="PASS" signature="setUp()[pri:0, instance:com.pom.qa.testcases.ContactsPageTest@20398b7c]" name="setUp" is-config="true" duration-ms="11416" started-at="2020-10-12T20:20:35 EDT" finished-at="2020-10-12T20:20:47 EDT">
          <reporter-output>
          </reporter-output>
        </test-method> <!-- setUp -->
        <test-method status="PASS" signature="validateAddedName()[pri:5, instance:com.pom.qa.testcases.ContactsPageTest@20398b7c]" name="validateAddedName" duration-ms="38" started-at="2020-10-12T20:20:47 EDT" finished-at="2020-10-12T20:20:47 EDT">
          <reporter-output>
          </reporter-output>
        </test-method> <!-- validateAddedName -->
        <test-method status="PASS" signature="tearDown()[pri:0, instance:com.pom.qa.testcases.ContactsPageTest@20398b7c]" name="tearDown" is-config="true" duration-ms="2400" started-at="2020-10-12T20:20:47 EDT" finished-at="2020-10-12T20:20:49 EDT">
          <reporter-output>
          </reporter-output>
        </test-method> <!-- tearDown -->
      </class> <!-- com.pom.qa.testcases.ContactsPageTest -->
      <class name="com.pom.qa.testcases.HomePageTest">
        <test-method status="PASS" signature="setUp()[pri:0, instance:com.pom.qa.testcases.HomePageTest@56235b8e]" name="setUp" is-config="true" duration-ms="8188" started-at="2020-10-12T20:21:03 EDT" finished-at="2020-10-12T20:21:11 EDT">
          <reporter-output>
          </reporter-output>
        </test-method> <!-- setUp -->
        <test-method status="PASS" signature="verifyContactsLink()[pri:0, instance:com.pom.qa.testcases.HomePageTest@56235b8e]" name="verifyContactsLink" duration-ms="3095" started-at="2020-10-12T20:21:11 EDT" finished-at="2020-10-12T20:21:14 EDT">
          <reporter-output>
          </reporter-output>
        </test-method> <!-- verifyContactsLink -->
        <test-method status="PASS" signature="tearDown()[pri:0, instance:com.pom.qa.testcases.HomePageTest@56235b8e]" name="tearDown" is-config="true" duration-ms="2445" started-at="2020-10-12T20:21:14 EDT" finished-at="2020-10-12T20:21:17 EDT">
          <reporter-output>
          </reporter-output>
        </test-method> <!-- tearDown -->
        <test-method status="PASS" signature="setUp()[pri:0, instance:com.pom.qa.testcases.HomePageTest@56235b8e]" name="setUp" is-config="true" duration-ms="8849" started-at="2020-10-12T20:21:17 EDT" finished-at="2020-10-12T20:21:26 EDT">
          <reporter-output>
          </reporter-output>
        </test-method> <!-- setUp -->
        <test-method status="PASS" signature="verifyHomepageTitleTest()[pri:1, instance:com.pom.qa.testcases.HomePageTest@56235b8e]" name="verifyHomepageTitleTest" duration-ms="9" started-at="2020-10-12T20:21:26 EDT" finished-at="2020-10-12T20:21:26 EDT">
          <reporter-output>
          </reporter-output>
        </test-method> <!-- verifyHomepageTitleTest -->
        <test-method status="PASS" signature="tearDown()[pri:0, instance:com.pom.qa.testcases.HomePageTest@56235b8e]" name="tearDown" is-config="true" duration-ms="2787" started-at="2020-10-12T20:21:26 EDT" finished-at="2020-10-12T20:21:28 EDT">
          <reporter-output>
          </reporter-output>
        </test-method> <!-- tearDown -->
        <test-method status="PASS" signature="setUp()[pri:0, instance:com.pom.qa.testcases.HomePageTest@56235b8e]" name="setUp" is-config="true" duration-ms="8502" started-at="2020-10-12T20:21:28 EDT" finished-at="2020-10-12T20:21:37 EDT">
          <reporter-output>
          </reporter-output>
        </test-method> <!-- setUp -->
        <test-method status="PASS" signature="verifyUsernameTest()[pri:2, instance:com.pom.qa.testcases.HomePageTest@56235b8e]" name="verifyUsernameTest" duration-ms="1689" started-at="2020-10-12T20:21:37 EDT" finished-at="2020-10-12T20:21:39 EDT">
          <reporter-output>
          </reporter-output>
        </test-method> <!-- verifyUsernameTest -->
        <test-method status="PASS" signature="tearDown()[pri:0, instance:com.pom.qa.testcases.HomePageTest@56235b8e]" name="tearDown" is-config="true" duration-ms="1899" started-at="2020-10-12T20:21:39 EDT" finished-at="2020-10-12T20:21:41 EDT">
          <reporter-output>
          </reporter-output>
        </test-method> <!-- tearDown -->
      </class> <!-- com.pom.qa.testcases.HomePageTest -->
      <class name="com.pom.qa.testcases.DealsPageTest">
        <test-method status="PASS" signature="setUp()[pri:0, instance:com.pom.qa.testcases.DealsPageTest@6fc6f14e]" name="setUp" is-config="true" duration-ms="11561" started-at="2020-10-12T20:20:49 EDT" finished-at="2020-10-12T20:21:01 EDT">
          <reporter-output>
          </reporter-output>
        </test-method> <!-- setUp -->
        <test-method status="PASS" signature="verifyDealsPageLabel()[pri:1, instance:com.pom.qa.testcases.DealsPageTest@6fc6f14e]" name="verifyDealsPageLabel" duration-ms="49" started-at="2020-10-12T20:21:01 EDT" finished-at="2020-10-12T20:21:01 EDT">
          <reporter-output>
          </reporter-output>
        </test-method> <!-- verifyDealsPageLabel -->
        <test-method status="PASS" signature="tearDown()[pri:0, instance:com.pom.qa.testcases.DealsPageTest@6fc6f14e]" name="tearDown" is-config="true" duration-ms="2352" started-at="2020-10-12T20:21:01 EDT" finished-at="2020-10-12T20:21:03 EDT">
          <reporter-output>
          </reporter-output>
        </test-method> <!-- tearDown -->
      </class> <!-- com.pom.qa.testcases.DealsPageTest -->
    </test> <!-- Surefire test -->
  </suite> <!-- Surefire suite -->
</testng-results>
