<?xml version="1.0" encoding="UTF-8"?>
<testsuite xmlns:xsi="http://www.w3.org/2001/XMLSchema-instance" xsi:noNamespaceSchemaLocation="https://maven.apache.org/surefire/maven-surefire-plugin/xsd/surefire-test-report.xsd" name="TestSuite" time="215.395" tests="15" errors="0" skipped="0" failures="0">
  <properties>
[...]
</properties>
  <testcase name="verifyContactspageLabel" classname="com.pom.qa.testcases.ContactsPageTest" time="0.072"/>
  <testcase name="selectContactsTest" classname="com.pom.qa.testcases.ContactsPageTest" time="0.23"/>
  <testcase name="selectMultipleContactsTest" classname="com.pom.qa.testcases.ContactsPageTest" time="0.467"/>
  <testcase name="validateCreateNewContact" classname="com.pom.qa.testcases.ContactsPageTest" time="4.628"/>
  <testcase name="validateCreateNewContact" classname="com.pom.qa.testcases.ContactsPageTest" time="3.204"/>
  <testcase name="validateCreateNewContact" classname="com.pom.qa.testcases.ContactsPageTest" time="3.084"/>
  <testcase name="validateCreateNewContact" classname="com.pom.qa.testcases.ContactsPageTest" time="2.962"/>
  <testcase name="validateAddedName" classname="com.pom.qa.testcases.ContactsPageTest" time="0.038"/>
  <testcase name="verifyDealsPageLabel" classname="com.pom.qa.testcases.DealsPageTest" time="0.048"/>
  <testcase name="verifyContactsLink" classname="com.pom.qa.testcases.HomePageTest" time="3.094"/>
  <testcase name="verifyHomepageTitleTest" classname="com.pom.qa.testcases.HomePageTest" time="0.01"/>
  <testcase name="verifyUsernameTest" classname="com.pom.qa.testcases.HomePageTest" time="1.689"/>
  <testcase name="loginPageTitleTest" classname="com.pom.qa.testcases.LoginPageTest" time="0.003"/>
  <testcase name="crmLogoTest" classname="com.pom.qa.testcases.LoginPageTest" time="0.108"/>
  <testcase name="loginTest" classname="com.pom.qa.testcases.LoginPageTest" time="0.386"/>
</testsuite>