<?xml version="1.0" encoding="UTF-8"?>
<testng-results skipped="0" failed="0" ignored="0" total="1" passed="1">
  <reporter-output>
  </reporter-output>
  <suite name="Suite" duration-ms="14389" started-at="2020-10-12T20:17:47 EDT" finished-at="2020-10-12T20:18:01 EDT">
    <groups>
    </groups>
    <test name="Default test" duration-ms="14389" started-at="2020-10-12T20:17:47 EDT" finished-at="2020-10-12T20:18:01 EDT">
      <class name="com.pom.qa.testcases.DealsPageTest">
        <test-method status="PASS" signature="setUp()[pri:0, instance:com.pom.qa.testcases.DealsPageTest@12e61fe6]" name="setUp" is-config="true" duration-ms="12316" started-at="2020-10-12T20:17:47 EDT" finished-at="2020-10-12T20:17:59 EDT">
          <reporter-output>
          </reporter-output>
        </test-method> <!-- setUp -->
        <test-method status="PASS" signature="verifyDealsPageLabel()[pri:1, instance:com.pom.qa.testcases.DealsPageTest@12e61fe6]" name="verifyDealsPageLabel" duration-ms="74" started-at="2020-10-12T20:17:59 EDT" finished-at="2020-10-12T20:18:00 EDT">
          <reporter-output>
          </reporter-output>
        </test-method> <!-- verifyDealsPageLabel -->
        <test-method status="PASS" signature="tearDown()[pri:0, instance:com.pom.qa.testcases.DealsPageTest@12e61fe6]" name="tearDown" is-config="true" duration-ms="1961" started-at="2020-10-12T20:18:00 EDT" finished-at="2020-10-12T20:18:01 EDT">
          <reporter-output>
          </reporter-output>
        </test-method> <!-- tearDown -->
      </class> <!-- com.pom.qa.testcases.DealsPageTest -->
    </test> <!-- Default test -->
  </suite> <!-- Suite -->
</testng-results>
